<?xml version="1.0" encoding="UTF-8"?>
<!-- Generated by org.testng.reporters.JUnitReportReporter -->
<testsuite hostname="MacBook-Air.ht.home" failures="0" tests="4" name="api.test.UserTests2" time="7.909" errors="0" timestamp="2023-03-27T22:07:55 EDT" skipped="0">
  <testcase classname="api.test.UserTests2" name="testPOSTUser" time="6.533"/>
  <system-out/>
  <testcase classname="api.test.UserTests2" name="testGETUser" time="0.493"/>
  <system-out/>
  <testcase classname="api.test.UserTests2" name="testUpdateUserByName" time="0.585"/>
  <system-out/>
  <testcase classname="api.test.UserTests2" name="testDeleteUserByName" time="0.298"/>
  <system-out/>
</testsuite> <!-- api.test.UserTests2 -->
