<?xml version="1.0" encoding="UTF-8"?>
<!-- Generated by org.testng.reporters.JUnitReportReporter -->
<testsuite hostname="MacBook-Air.ht.home" failures="0" tests="4" name="api.test.UserTests" time="7.989" errors="0" timestamp="2023-03-27T16:53:03 EDT" skipped="0">
  <testcase classname="api.test.UserTests" name="testPOSTUser" time="6.768"/>
  <system-out/>
  <testcase classname="api.test.UserTests" name="testGETUser" time="0.322"/>
  <system-out/>
  <testcase classname="api.test.UserTests" name="testUpdateUserByName" time="0.638"/>
  <system-out/>
  <testcase classname="api.test.UserTests" name="testDeleteUserByName" time="0.261"/>
  <system-out/>
</testsuite> <!-- api.test.UserTests -->
