<?xml version="1.0" encoding="UTF-8"?>
<!-- Generated by org.testng.reporters.JUnitReportReporter -->
<testsuite hostname="MacBook-Air.ht.home" failures="0" tests="4" name="api.test.UserTests2" time="4.932" errors="0" timestamp="2023-03-27T22:55:12 EDT" skipped="0">
  <testcase classname="api.test.UserTests2" name="testPOSTUser" time="3.716"/>
  <system-out/>
  <testcase classname="api.test.UserTests2" name="testGETUser" time="0.325"/>
  <system-out/>
  <testcase classname="api.test.UserTests2" name="testUpdateUserByName" time="0.639"/>
  <system-out/>
  <testcase classname="api.test.UserTests2" name="testDeleteUserByName" time="0.252"/>
  <system-out/>
</testsuite> <!-- api.test.UserTests2 -->
